<?xml version="1.0" encoding="utf-8"?><testsuites name="pytest tests"><testsuite name="pytest" errors="0" failures="0" skipped="0" tests="238" time="131.725" timestamp="2026-09-08T16:59:51.239446+00:00" hostname="farm001"><testcase classname="tests.contracts.test_features" name="test_features_have_rebuildable_cutoff_and_lineage" time="0.446" /><testcase classname="tests.contracts.test_private_data" name="test_reproducible_fixture_and_manifest" time="0.004" /><testcase classname="tests.contracts.test_private_data" name="test_invalid_data_is_not_silently_normalized[&lt;lambda&gt;0]" time="0.003" /><testcase classname="tests.contracts.test_private_data" name="test_invalid_data_is_not_silently_normalized[&lt;lambda&gt;1]" time="0.003" /><testcase classname="tests.contracts.test_private_data" name="test_invalid_data_is_not_silently_normalized[&lt;lambda&gt;2]" time="0.003" /><testcase classname="tests.contracts.test_private_data" name="test_invalid_data_is_not_silently_normalized[&lt;lambda&gt;3]" time="0.002" /><testcase classname="tests.contracts.test_private_data" name="test_invalid_data_is_not_silently_normalized[&lt;lambda&gt;4]" time="0.002" /><testcase classname="tests.contracts.test_private_data" name="test_invalid_data_is_not_silently_normalized[&lt;lambda&gt;5]" time="0.003" /><testcase classname="tests.contracts.test_private_data" name="test_invalid_data_is_not_silently_normalized[&lt;lambda&gt;6]" time="0.003" /><testcase classname="tests.contracts.test_private_data" name="test_invalid_data_is_not_silently_normalized[&lt;lambda&gt;7]" time="0.002" /><testcase classname="tests.contracts.test_private_data" name="test_future_history_does_not_change_forecast" time="0.004" /><testcase classname="tests.contracts.test_private_data" name="test_bookings_are_not_added_twice" time="0.003" /><testcase classname="tests.contracts.test_view_contracts" name="test_bootstrap_response_matches_shared_view_contract" time="0.183" /><testcase classname="tests.contracts.test_view_contracts" name="test_recorded_replay_matches_shared_view_contract_and_keeps_provenance" time="0.005" /><testcase classname="tests.contracts.test_view_contracts" name="test_generated_web_contract_is_current_and_deterministic" time="0.202" /><testcase classname="tests.contracts.test_view_contracts" name="test_public_forecast_card_uses_forecast_source_rows" time="0.001" /><testcase classname="tests.data.test_ingestion.RegistryTests" name="test_ambiguous_spinach_and_kale_stay_unresolved" time="0.002" /><testcase classname="tests.data.test_ingestion.RegistryTests" name="test_catalogue_and_registry_are_complete_and_cross_referenced" time="0.003" /><testcase classname="tests.data.test_ingestion.NormalizationTests" name="test_nonfinite_station_value_is_not_normalized" time="0.001" /><testcase classname="tests.data.test_ingestion.NormalizationTests" name="test_snapshot_is_content_addressed_and_headers_are_redacted" time="0.002" /><testcase classname="tests.data.test_ingestion.NormalizationTests" name="test_station_observation_preserves_time_unit_and_provenance" time="0.001" /><testcase classname="tests.data.test_ingestion.NormalizationTests" name="test_trade_volume_keeps_provider_unit_and_unknown_availability" time="0.001" /><testcase classname="tests.data.test_ingestion.PublicApiTests" name="test_failure_uses_prior_snapshot_as_explicit_stale_cache" time="0.014" /><testcase classname="tests.data.test_ingestion.PublicApiTests" name="test_refresh_get_and_offline_rebuild" time="0.015" /><testcase classname="tests.deepseek.test_gateway" name="test_chat_json_uses_exact_origin_and_server_route" time="0.002" /><testcase classname="tests.deepseek.test_gateway" name="test_missing_key_is_blocked" time="0.001" /><testcase classname="tests.deepseek.test_gateway" name="test_unknown_role_fails_before_transmission[]" time="0.001" /><testcase classname="tests.deepseek.test_gateway" name="test_unknown_role_fails_before_transmission[prompt_selected_provider]" time="0.001" /><testcase classname="tests.deepseek.test_gateway" name="test_unknown_role_fails_before_transmission[gpt_evaluator]" time="0.001" /><testcase classname="tests.deepseek.test_gateway" name="test_config_rejects_endpoint_override" time="0.002" /><testcase classname="tests.deepseek.test_gateway" name="test_config_rejects_role_manifest_mutation[&lt;lambda&gt;0]" time="0.002" /><testcase classname="tests.deepseek.test_gateway" name="test_config_rejects_role_manifest_mutation[&lt;lambda&gt;1]" time="0.002" /><testcase classname="tests.deepseek.test_gateway" name="test_config_rejects_role_manifest_mutation[&lt;lambda&gt;2]" time="0.002" /><testcase classname="tests.deepseek.test_gateway" name="test_config_rejects_role_manifest_mutation[&lt;lambda&gt;3]" time="0.001" /><testcase classname="tests.deepseek.test_gateway" name="test_config_rejects_role_manifest_mutation[&lt;lambda&gt;4]" time="0.002" /><testcase classname="tests.deepseek.test_gateway" name="test_config_rejects_integer_limits_above_reviewed_ceiling[max_concurrency-1]" time="0.002" /><testcase classname="tests.deepseek.test_gateway" name="test_config_rejects_integer_limits_above_reviewed_ceiling[max_image_bytes-4194304]" time="0.002" /><testcase classname="tests.deepseek.test_gateway" name="test_config_rejects_integer_limits_above_reviewed_ceiling[max_image_dimension-4096]" time="0.002" /><testcase classname="tests.deepseek.test_gateway" name="test_config_rejects_integer_limits_above_reviewed_ceiling[max_images_per_request-4]" time="0.002" /><testcase classname="tests.deepseek.test_gateway" name="test_config_rejects_integer_limits_above_reviewed_ceiling[max_request_bytes-16777216]" time="0.002" /><testcase classname="tests.deepseek.test_gateway" name="test_config_rejects_integer_limits_above_reviewed_ceiling[max_requests-16]" time="0.003" /><testcase classname="tests.deepseek.test_gateway" name="test_config_rejects_integer_limits_above_reviewed_ceiling[max_reserved_output_tokens-16384]" time="0.002" /><testcase classname="tests.deepseek.test_gateway" name="test_config_rejects_integer_limits_above_reviewed_ceiling[max_response_bytes-4194304]" time="0.002" /><testcase classname="tests.deepseek.test_gateway" name="test_config_rejects_time_limits_above_reviewed_ceiling[connect_timeout_seconds-10.0]" time="0.002" /><testcase classname="tests.deepseek.test_gateway" name="test_config_rejects_time_limits_above_reviewed_ceiling[max_wall_seconds-300.0]" time="0.002" /><testcase classname="tests.deepseek.test_gateway" name="test_config_rejects_time_limits_above_reviewed_ceiling[pool_timeout_seconds-5.0]" time="0.002" /><testcase classname="tests.deepseek.test_gateway" name="test_config_rejects_time_limits_above_reviewed_ceiling[read_timeout_seconds-90.0]" time="0.002" /><testcase classname="tests.deepseek.test_gateway" name="test_config_rejects_time_limits_above_reviewed_ceiling[write_timeout_seconds-30.0]" time="0.002" /><testcase classname="tests.deepseek.test_gateway" name="test_config_rejects_nonpositive_or_wrong_type_limit[0]" time="0.002" /><testcase classname="tests.deepseek.test_gateway" name="test_config_rejects_nonpositive_or_wrong_type_limit[-1]" time="0.002" /><testcase classname="tests.deepseek.test_gateway" name="test_config_rejects_nonpositive_or_wrong_type_limit[True]" time="0.002" /><testcase classname="tests.deepseek.test_gateway" name="test_config_rejects_nonpositive_or_wrong_type_limit[1]" time="0.002" /><testcase classname="tests.deepseek.test_gateway" name="test_config_rejects_mode_policy_mutation[development_phase-production]" time="0.002" /><testcase classname="tests.deepseek.test_gateway" name="test_config_rejects_mode_policy_mutation[decision_policy-manual]" time="0.002" /><testcase classname="tests.deepseek.test_gateway" name="test_config_rejects_mode_policy_mutation[default_execution_mode-live]" time="0.002" /><testcase classname="tests.deepseek.test_gateway" name="test_config_rejects_mode_policy_mutation[default_data_mode-live_advisory]" time="0.002" /><testcase classname="tests.deepseek.test_gateway" name="test_config_allows_only_tighter_limits" time="0.158" /><testcase classname="tests.deepseek.test_gateway" name="test_run_budget_cannot_exceed_tighter_config" time="0.002" /><testcase classname="tests.deepseek.test_gateway" name="test_invalid_max_tokens_fails_before_transmission[True]" time="0.001" /><testcase classname="tests.deepseek.test_gateway" name="test_invalid_max_tokens_fails_before_transmission[1.5]" time="0.001" /><testcase classname="tests.deepseek.test_gateway" name="test_invalid_max_tokens_fails_before_transmission[2]" time="0.001" /><testcase classname="tests.deepseek.test_gateway" name="test_invalid_max_tokens_fails_before_transmission[0]" time="0.001" /><testcase classname="tests.deepseek.test_gateway" name="test_invalid_max_tokens_fails_before_transmission[4097]" time="0.001" /><testcase classname="tests.deepseek.test_gateway" name="test_redirect_rejected_without_following" time="0.002" /><testcase classname="tests.deepseek.test_gateway" name="test_blocking_statuses_are_safe_and_never_fallback[401]" time="0.002" /><testcase classname="tests.deepseek.test_gateway" name="test_blocking_statuses_are_safe_and_never_fallback[402]" time="0.002" /><testcase classname="tests.deepseek.test_gateway" name="test_blocking_statuses_are_safe_and_never_fallback[403]" time="0.002" /><testcase classname="tests.deepseek.test_gateway" name="test_blocking_statuses_are_safe_and_never_fallback[429]" time="0.001" /><testcase classname="tests.deepseek.test_gateway" name="test_blocking_statuses_are_safe_and_never_fallback[500]" time="0.001" /><testcase classname="tests.deepseek.test_gateway" name="test_blocking_statuses_are_safe_and_never_fallback[503]" time="0.001" /><testcase classname="tests.deepseek.test_gateway" name="test_request_and_output_budget_are_reserved_even_on_failure" time="0.001" /><testcase classname="tests.deepseek.test_gateway" name="test_output_token_budget_fails_before_transmission" time="0.001" /><testcase classname="tests.deepseek.test_gateway" name="test_disallowed_modes_fail_before_transmission[live-synthetic_demo]" time="0.001" /><testcase classname="tests.deepseek.test_gateway" name="test_disallowed_modes_fail_before_transmission[test-live_advisory]" time="0.001" /><testcase classname="tests.deepseek.test_gateway" name="test_disallowed_modes_fail_before_transmission[replay-synthetic_demo]" time="0.001" /><testcase classname="tests.deepseek.test_gateway" name="test_invalid_or_incomplete_output_is_rejected[wire0]" time="0.002" /><testcase classname="tests.deepseek.test_gateway" name="test_invalid_or_incomplete_output_is_rejected[wire1]" time="0.002" /><testcase classname="tests.deepseek.test_gateway" name="test_invalid_or_incomplete_output_is_rejected[wire2]" time="0.002" /><testcase classname="tests.deepseek.test_gateway" name="test_invalid_or_incomplete_output_is_rejected[wire3]" time="0.002" /><testcase classname="tests.deepseek.test_gateway" name="test_invalid_or_incomplete_output_is_rejected[wire4]" time="0.002" /><testcase classname="tests.deepseek.test_gateway" name="test_tool_round_trip_preserves_private_reasoning_on_wire_only" time="0.003" /><testcase classname="tests.deepseek.test_gateway" name="test_unknown_tool_never_executes" time="0.002" /><testcase classname="tests.deepseek.test_gateway" name="test_invalid_tool_arguments_never_execute" time="0.002" /><testcase classname="tests.deepseek.test_gateway" name="test_strict_tool_is_rejected" time="0.001" /><testcase classname="tests.deepseek.test_gateway" name="test_image_normalization_strips_metadata_and_uses_inline_png" time="0.044" /><testcase classname="tests.deepseek.test_gateway" name="test_non_image_and_oversized_dimension_rejected_before_transmission" time="0.098" /><testcase classname="tests.deepseek.test_gateway" name="test_text_model_image_request_rejected_before_transmission" time="0.001" /><testcase classname="tests.deepseek.test_gateway" name="test_remote_vision_url_rejected_before_transmission" time="0.001" /><testcase classname="tests.deepseek.test_gateway" name="test_stream_parses_keepalive_usage_and_done" time="0.002" /><testcase classname="tests.deepseek.test_gateway" name="test_incomplete_or_invalid_stream_fails[data: {&quot;model&quot;:&quot;deepseek-v4-flash&quot;,&quot;choices&quot;:[{&quot;delta&quot;:{&quot;content&quot;:&quot;x&quot;},&quot;finish_reason&quot;:&quot;stop&quot;}],&quot;usage&quot;:null}\n]" time="0.001" /><testcase classname="tests.deepseek.test_gateway" name="test_incomplete_or_invalid_stream_fails[data: not-json\n\ndata: [DONE]\n]" time="0.001" /><testcase classname="tests.deepseek.test_gateway" name="test_incomplete_or_invalid_stream_fails[event: message\ndata: [DONE]\n]" time="0.001" /><testcase classname="tests.deepseek.test_gateway" name="test_incomplete_or_invalid_stream_fails[data: {&quot;model&quot;:&quot;deepseek-v4-flash&quot;,&quot;choices&quot;:[{&quot;delta&quot;:{&quot;content&quot;:&quot;x&quot;},&quot;finish_reason&quot;:&quot;length&quot;}],&quot;usage&quot;:null}\n\ndata: [DONE]\n]" time="0.001" /><testcase classname="tests.deepseek.test_gateway" name="test_model_listing_shape" time="0.001" /><testcase classname="tests.deepseek.test_gateway" name="test_json_response_is_bounded_while_reading" time="0.003" /><testcase classname="tests.deepseek.test_gateway" name="test_unterminated_sse_line_is_bounded_while_reading" time="0.003" /><testcase classname="tests.deepseek.test_gateway" name="test_wall_budget_is_checked_after_transport_returns" time="0.033" /><testcase classname="tests.deployment.test_fly_boot" name="test_postgres_is_unix_socket_only" time="0.000" /><testcase classname="tests.deployment.test_fly_boot" name="test_public_environment_removes_every_known_credential" time="0.001" /><testcase classname="tests.deployment.test_fly_boot" name="test_boot_refuses_to_supervise_as_root" time="0.001" /><testcase classname="tests.deployment.test_fly_boot" name="test_wrong_persistent_postgres_major_fails_before_starting_processes" time="0.003" /><testcase classname="tests.deployment.test_fly_boot" name="test_child_processes_receive_only_the_credentials_they_need" time="0.003" /><testcase classname="tests.deployment.test_fly_boot" name="test_forced_shutdown_wait_budget_fits_inside_fly_kill_timeout" time="0.003" /><testcase classname="tests.deployment.test_fly_boot" name="test_signal_handler_precedes_bounded_initdb_and_prevents_postgres_start" time="0.002" /><testcase classname="tests.deployment.test_fly_boot" name="test_signal_during_database_probe_prevents_remaining_startup" time="0.002" /><testcase classname="tests.deployment.test_fly_boot" name="test_schema_failure_stops_database_and_never_starts_web" time="0.002" /><testcase classname="tests.deployment.test_fly_boot" name="test_fly_image_has_runtime_import_smoke_and_no_database_port" time="0.001" /><testcase classname="tests.gameplay.test_conversations" name="test_six_original_advisors_and_frozen_create_idempotency" time="0.128" /><testcase classname="tests.gameplay.test_conversations" name="test_direct_message_persists_validated_reply_and_replay_makes_no_call" time="0.143" /><testcase classname="tests.gameplay.test_conversations" name="test_invitation_is_two_sided_exchange_with_specific_reply_graph_and_prior_turns" time="0.219" /><testcase classname="tests.gameplay.test_conversations" name="test_council_has_eight_bounded_turns_all_with_prior_claims_and_critic_conclusion" time="0.198" /><testcase classname="tests.gameplay.test_conversations" name="test_unsupported_numbers_evidence_and_actions_are_visible_but_never_executed" time="0.138" /><testcase classname="tests.gameplay.test_conversations" name="test_message_retry_returns_terminal_job_without_repeating_paid_call" time="0.278" /><testcase classname="tests.gameplay.test_conversations" name="test_numeric_coincidence_never_semantically_validates_wrong_quantity" time="0.134" /><testcase classname="tests.gameplay.test_conversations" name="test_council_preflight_counts_user_and_all_eight_advisor_turns" time="0.233" /><testcase classname="tests.gameplay.test_conversations" name="test_budget_exhaustion_and_missing_credentials_create_usable_blocked_states" time="0.175" /><testcase classname="tests.gameplay.test_conversations" name="test_interruption_and_provider_error_preserve_partial_state_without_requeue" time="0.165" /><testcase classname="tests.gameplay.test_conversations" name="test_one_direct_format_repair_and_second_invalid_response_stops" time="0.139" /><testcase classname="tests.gameplay.test_conversations" name="test_tenant_isolation_and_last_event_id_resume" time="0.163" /><testcase classname="tests.gameplay.test_conversations" name="test_whitespace_is_rejected_and_reply_to_advisor_targets_that_speaker" time="0.144" /><testcase classname="tests.gameplay.test_conversations" name="test_deployed_trial_runner_dry_contract_uses_eleven_mocked_calls" time="0.507" /><testcase classname="tests.gameplay.test_scenarios" name="test_all_controls_are_frozen_and_local" time="0.012" /><testcase classname="tests.gameplay.test_scenarios" name="test_control_bounds_and_targets[controls0]" time="0.081" /><testcase classname="tests.gameplay.test_scenarios" name="test_control_bounds_and_targets[controls1]" time="0.085" /><testcase classname="tests.gameplay.test_scenarios" name="test_control_bounds_and_targets[controls2]" time="0.083" /><testcase classname="tests.gameplay.test_scenarios" name="test_control_bounds_and_targets[controls3]" time="0.077" /><testcase classname="tests.gameplay.test_scenarios" name="test_control_bounds_and_targets[controls4]" time="0.079" /><testcase classname="tests.gameplay.test_scenarios" name="test_control_bounds_and_targets[controls5]" time="0.072" /><testcase classname="tests.gameplay.test_scenarios" name="test_control_bounds_and_targets[controls6]" time="0.076" /><testcase classname="tests.gameplay.test_scenarios" name="test_control_bounds_and_targets[controls7]" time="0.076" /><testcase classname="tests.gameplay.test_scenarios" name="test_control_bounds_and_targets[controls8]" time="0.077" /><testcase classname="tests.gameplay.test_scenarios" name="test_control_bounds_and_targets[controls9]" time="0.100" /><testcase classname="tests.gameplay.test_scenarios" name="test_branch_job_isolation_idempotency_persistence_and_quest" time="2.327" /><testcase classname="tests.gameplay.test_scenarios" name="test_tenant_isolation_all_routes" time="2.066" /><testcase classname="tests.gameplay.test_scenarios" name="test_continue_compare_requires_same_frozen_root_and_limit" time="5.202" /><testcase classname="tests.gameplay.test_scenarios" name="test_infeasible_experiment_still_completes_learning" time="1.774" /><testcase classname="tests.gameplay.test_scenarios" name="test_restart_only_requeues_numerical_work" time="2.138" /><testcase classname="tests.gameplay.test_scenarios" name="test_harvest_and_market_experiments_compute_changed_forecasts[late_harvest-controls0]" time="2.017" /><testcase classname="tests.gameplay.test_scenarios" name="test_harvest_and_market_experiments_compute_changed_forecasts[busy_market-controls1]" time="2.247" /><testcase classname="tests.gameplay.test_scenarios" name="test_branch_cannot_replace_accepted_main_worklist" time="3.751" /><testcase classname="tests.gameplay.test_scenarios" name="test_proposed_experiment_uses_exact_conversation_snapshot" time="0.150" /><testcase classname="tests.gameplay.test_scenarios" name="test_quest_requires_its_own_changed_assumption[late_harvest-controls0]" time="0.081" /><testcase classname="tests.gameplay.test_scenarios" name="test_quest_requires_its_own_changed_assumption[busy_market-controls1]" time="0.086" /><testcase classname="tests.gameplay.test_scenarios" name="test_quest_requires_its_own_changed_assumption[short_handed_week-controls2]" time="0.080" /><testcase classname="tests.gameplay.test_scenarios" name="test_quest_requires_its_own_changed_assumption[tight_budget-controls3]" time="0.095" /><testcase classname="tests.gameplay.test_scenarios" name="test_scenario_without_imported_farm_returns_recoverable_conflict" time="0.071" /><testcase classname="tests.numerical.test_planner" name="test_strategies_feasible_comparable_and_different" time="6.700" /><testcase classname="tests.numerical.test_planner" name="test_early_shortage_is_not_solved_by_new_sowing" time="0.001" /><testcase classname="tests.numerical.test_planner" name="test_all_daily_mass_balances_and_costs_reconcile" time="0.001" /><testcase classname="tests.numerical.test_planner" name="test_locked_work_and_lead_times_fail_independent_validation" time="0.001" /><testcase classname="tests.numerical.test_planner" name="test_occupancy_nursery_and_labour_are_independent" time="0.005" /><testcase classname="tests.numerical.test_planner" name="test_marketable_yield_not_reduced_twice" time="0.004" /><testcase classname="tests.numerical.test_planner" name="test_timeout_uses_explicit_baseline_and_zero_budget_is_infeasible" time="1.971" /><testcase classname="tests.numerical.test_planner" name="test_zero_demand_fill_rate_defined" time="0.003" /><testcase classname="tests.numerical.test_planner" name="test_downside_uses_each_metric_minimum_across_shared_scenarios" time="0.001" /><testcase classname="tests.review.test_backend_adversarial" name="test_actual_due_date_before_lead_time_cannot_be_covered_by_new_sowing" time="1.356" /><testcase classname="tests.review.test_backend_adversarial" name="test_validator_independently_rejects_capacity_cash_and_labour_overruns" time="0.005" /><testcase classname="tests.review.test_backend_adversarial" name="test_daily_inventory_ledger_preserves_mass_balance" time="0.005" /><testcase classname="tests.review.test_backend_adversarial" name="test_locked_executed_work_cannot_be_removed_or_rewritten" time="0.002" /><testcase classname="tests.review.test_backend_adversarial" name="test_booked_crop_without_recipe_is_rejected_or_preserved_as_unresolved_demand" time="0.002" /><testcase classname="tests.review.test_backend_adversarial" name="test_singapore_cutoff_date_drives_daily_planning_calendar" time="0.004" /><testcase classname="tests.review.test_backend_adversarial" name="test_run_and_strategy_idor_is_tenant_scoped" time="0.148" /><testcase classname="tests.review.test_backend_adversarial" name="test_event_tenant_must_match_owning_run" time="0.013" /><testcase classname="tests.review.test_backend_adversarial" name="test_replan_creation_failure_rolls_back_farm_mutation" time="0.112" /><testcase classname="tests.review.test_backend_adversarial" name="test_replay_is_read_only_and_does_not_reserve_inference" time="0.096" /><testcase classname="tests.review.test_backend_adversarial" name="test_cached_rows_keep_their_immutable_snapshot_in_refreshed_context" time="0.001" /><testcase classname="tests.review.test_backend_adversarial" name="test_budget_reservation_rejects_nonpositive_counts" time="0.009" /><testcase classname="tests.review.test_provider_isolation" name="test_alternate_provider_origin_path_and_model_configs_fail_closed[&lt;lambda&gt;0]" time="0.002" /><testcase classname="tests.review.test_provider_isolation" name="test_alternate_provider_origin_path_and_model_configs_fail_closed[&lt;lambda&gt;1]" time="0.002" /><testcase classname="tests.review.test_provider_isolation" name="test_alternate_provider_origin_path_and_model_configs_fail_closed[&lt;lambda&gt;2]" time="0.002" /><testcase classname="tests.review.test_provider_isolation" name="test_alternate_provider_origin_path_and_model_configs_fail_closed[&lt;lambda&gt;3]" time="0.002" /><testcase classname="tests.review.test_provider_isolation" name="test_alternate_provider_origin_path_and_model_configs_fail_closed[&lt;lambda&gt;4]" time="0.002" /><testcase classname="tests.review.test_provider_isolation" name="test_alternate_provider_origin_path_and_model_configs_fail_closed[&lt;lambda&gt;5]" time="0.002" /><testcase classname="tests.review.test_provider_isolation" name="test_alternate_provider_origin_path_and_model_configs_fail_closed[&lt;lambda&gt;6]" time="0.002" /><testcase classname="tests.review.test_provider_isolation" name="test_alternate_provider_origin_path_and_model_configs_fail_closed[&lt;lambda&gt;7]" time="0.002" /><testcase classname="tests.review.test_provider_isolation" name="test_alternate_provider_origin_path_and_model_configs_fail_closed[&lt;lambda&gt;8]" time="0.002" /><testcase classname="tests.review.test_provider_isolation" name="test_alternate_provider_origin_path_and_model_configs_fail_closed[&lt;lambda&gt;9]" time="0.002" /><testcase classname="tests.review.test_provider_isolation" name="test_alternate_provider_origin_path_and_model_configs_fail_closed[&lt;lambda&gt;10]" time="0.002" /><testcase classname="tests.review.test_provider_isolation" name="test_alternate_provider_origin_path_and_model_configs_fail_closed[&lt;lambda&gt;11]" time="0.002" /><testcase classname="tests.review.test_provider_isolation" name="test_reviewed_roles_are_complete_and_council_has_no_provider_or_model_override" time="0.001" /><testcase classname="tests.review.test_provider_isolation" name="test_manifest_cannot_raise_reviewed_resource_or_timeout_ceiling[max_requests-17]" time="0.002" /><testcase classname="tests.review.test_provider_isolation" name="test_manifest_cannot_raise_reviewed_resource_or_timeout_ceiling[max_reserved_output_tokens-16385]" time="0.002" /><testcase classname="tests.review.test_provider_isolation" name="test_manifest_cannot_raise_reviewed_resource_or_timeout_ceiling[max_concurrency-2]" time="0.002" /><testcase classname="tests.review.test_provider_isolation" name="test_manifest_cannot_raise_reviewed_resource_or_timeout_ceiling[max_images_per_request-5]" time="0.002" /><testcase classname="tests.review.test_provider_isolation" name="test_manifest_cannot_raise_reviewed_resource_or_timeout_ceiling[max_image_bytes-4194305]" time="0.002" /><testcase classname="tests.review.test_provider_isolation" name="test_manifest_cannot_raise_reviewed_resource_or_timeout_ceiling[max_image_dimension-4097]" time="0.002" /><testcase classname="tests.review.test_provider_isolation" name="test_manifest_cannot_raise_reviewed_resource_or_timeout_ceiling[max_request_bytes-16777217]" time="0.002" /><testcase classname="tests.review.test_provider_isolation" name="test_manifest_cannot_raise_reviewed_resource_or_timeout_ceiling[max_response_bytes-4194305]" time="0.002" /><testcase classname="tests.review.test_provider_isolation" name="test_manifest_cannot_raise_reviewed_resource_or_timeout_ceiling[max_wall_seconds-300.1]" time="0.002" /><testcase classname="tests.review.test_provider_isolation" name="test_manifest_cannot_raise_reviewed_resource_or_timeout_ceiling[connect_timeout_seconds-10.1]" time="0.002" /><testcase classname="tests.review.test_provider_isolation" name="test_manifest_cannot_raise_reviewed_resource_or_timeout_ceiling[read_timeout_seconds-90.1]" time="0.002" /><testcase classname="tests.review.test_provider_isolation" name="test_manifest_cannot_raise_reviewed_resource_or_timeout_ceiling[write_timeout_seconds-30.1]" time="0.003" /><testcase classname="tests.review.test_provider_isolation" name="test_manifest_cannot_raise_reviewed_resource_or_timeout_ceiling[pool_timeout_seconds-5.1]" time="0.003" /><testcase classname="tests.review.test_provider_isolation" name="test_manifest_cannot_raise_reviewed_resource_or_timeout_ceiling[max_wall_seconds-inf]" time="0.002" /><testcase classname="tests.review.test_provider_isolation" name="test_manifest_cannot_change_fixed_development_mode_policy[development_phase-operational]" time="0.002" /><testcase classname="tests.review.test_provider_isolation" name="test_manifest_cannot_change_fixed_development_mode_policy[decision_policy-prompt_selected]" time="0.002" /><testcase classname="tests.review.test_provider_isolation" name="test_manifest_cannot_change_fixed_development_mode_policy[default_execution_mode-live]" time="0.002" /><testcase classname="tests.review.test_provider_isolation" name="test_manifest_cannot_change_fixed_development_mode_policy[default_data_mode-real_private]" time="0.002" /><testcase classname="tests.review.test_provider_isolation" name="test_run_budget_cannot_exceed_a_more_restrictive_loaded_config" time="0.001" /><testcase classname="tests.review.test_provider_isolation" name="test_alternate_or_malformed_roles_fail_before_transmission[openai]" time="0.001" /><testcase classname="tests.review.test_provider_isolation" name="test_alternate_or_malformed_roles_fail_before_transmission[gpt_evaluator]" time="0.001" /><testcase classname="tests.review.test_provider_isolation" name="test_alternate_or_malformed_roles_fail_before_transmission[../visual_observer]" time="0.001" /><testcase classname="tests.review.test_provider_isolation" name="test_alternate_or_malformed_roles_fail_before_transmission[VISUAL_OBSERVER]" time="0.001" /><testcase classname="tests.review.test_provider_isolation" name="test_modes_fail_before_any_text_transmission[live-synthetic_demo]" time="0.001" /><testcase classname="tests.review.test_provider_isolation" name="test_modes_fail_before_any_text_transmission[replay-historical_replay]" time="0.001" /><testcase classname="tests.review.test_provider_isolation" name="test_modes_fail_before_any_text_transmission[test-live_advisory]" time="0.001" /><testcase classname="tests.review.test_provider_isolation" name="test_modes_fail_before_any_text_transmission[test-real_private]" time="0.001" /><testcase classname="tests.review.test_provider_isolation" name="test_vision_mode_role_and_forged_remote_image_fail_before_transmission" time="0.001" /><testcase classname="tests.review.test_provider_isolation" name="test_client_disables_redirects_and_inherited_proxy_environment" time="0.001" /><testcase classname="tests.review.test_provider_isolation" name="test_redirect_to_alternate_origin_is_rejected_without_second_request[False]" time="0.002" /><testcase classname="tests.review.test_provider_isolation" name="test_redirect_to_alternate_origin_is_rejected_without_second_request[True]" time="0.001" /><testcase classname="tests.review.test_provider_isolation" name="test_provider_errors_are_safe_and_never_trigger_fallback[400]" time="0.001" /><testcase classname="tests.review.test_provider_isolation" name="test_provider_errors_are_safe_and_never_trigger_fallback[401]" time="0.001" /><testcase classname="tests.review.test_provider_isolation" name="test_provider_errors_are_safe_and_never_trigger_fallback[403]" time="0.001" /><testcase classname="tests.review.test_provider_isolation" name="test_provider_errors_are_safe_and_never_trigger_fallback[429]" time="0.001" /><testcase classname="tests.review.test_provider_isolation" name="test_provider_errors_are_safe_and_never_trigger_fallback[500]" time="0.002" /><testcase classname="tests.review.test_provider_isolation" name="test_provider_errors_are_safe_and_never_trigger_fallback[503]" time="0.001" /><testcase classname="tests.review.test_provider_isolation" name="test_transport_timeout_is_safe_bounded_and_has_no_fallback" time="0.002" /><testcase classname="tests.review.test_provider_isolation" name="test_expired_wall_budget_blocks_before_transmission" time="0.001" /><testcase classname="tests.review.test_provider_isolation" name="test_oversized_response_is_rejected_before_json_or_private_body_exposure" time="0.001" /><testcase classname="tests.review.test_provider_isolation" name="test_provider_reasoning_is_not_exposed_in_completion_audit_or_repr" time="0.002" /><testcase classname="tests.review.test_provider_isolation" name="test_provider_failure_body_and_secret_never_enter_public_run" time="12.804" /><testcase classname="tests.review.test_provider_isolation" name="test_synthetic_visual_workflow_preserves_provenance_and_scope" time="0.057" /><testcase classname="tests.review.test_provider_isolation" name="test_server_secret_file_delivery_checks_permissions_and_exposes_no_value" time="0.071" /><testcase classname="tests.review.test_provider_isolation" name="test_server_rejects_overpermissive_secret_file_without_starting" time="0.055" /><testcase classname="tests.review.test_provider_isolation" name="test_process_egress_hook_blocks_alternate_hosts_ips_and_ports_in_isolated_process" time="0.065" /><testcase classname="tests.security.test_api" name="test_auth_tenant_isolation_and_no_operational_acceptance" time="0.113" /><testcase classname="tests.security.test_api" name="test_idempotency_and_schema_cannot_override_provider_or_phase" time="0.126" /><testcase classname="tests.security.test_api" name="test_cross_origin_and_upload_limits" time="0.068" /><testcase classname="tests.security.test_api" name="test_worker_acceptance_replay_and_replan_idempotency" time="25.273" /><testcase classname="tests.security.test_api" name="test_cancel_queued_never_calls_provider" time="0.087" /><testcase classname="tests.security.test_api" name="test_shared_replay_read_only_and_worklist_version_guard" time="12.893" /><testcase classname="tests.security.test_api" name="test_changed_replan_body_rejects_reused_key" time="12.810" /><testcase classname="tests.security.test_api" name="test_inputs_changed_during_planning_restart_validation_automatically" time="25.828" /><testcase classname="tests.security.test_api" name="test_chunked_upload_stops_at_limit_and_invalid_length_is_client_error" time="0.074" /><testcase classname="tests.security.test_api" name="test_tls_terminated_deployment_forces_secure_session_cookie" time="0.070" /><testcase classname="tests.security.test_process_egress" name="test_actual_process_socket_policy_blocks_alternate_egress" time="0.268" /><testcase classname="tests.security.test_process_egress" name="test_only_explicit_database_destination_can_connect" time="0.071" /></testsuite></testsuites>